<?xml version="1.0" encoding="UTF-8"?>
<testng-results ignored="0" total="5" passed="5" failed="0" skipped="0">
  <reporter-output>
  </reporter-output>
  <suite started-at="2024-04-01T16:46:24Z" name="PetSuite" finished-at="2024-04-01T16:46:38Z" duration-ms="13752">
    <groups>
    </groups>
    <test started-at="2024-04-01T16:46:24Z" name="PetTests" finished-at="2024-04-01T16:46:38Z" duration-ms="13752">
      <class name="api.test.UserTests2">
        <test-method is-config="true" signature="steup()[pri:0, instance:api.test.UserTests2@a1cdc6d]" started-at="2024-04-01T22:16:24Z" name="steup" finished-at="2024-04-01T22:16:30Z" duration-ms="5622" status="PASS">
          <reporter-output>
          </reporter-output>
        </test-method> <!-- steup -->
        <test-method signature="testPostUser()[pri:1, instance:api.test.UserTests2@a1cdc6d]" started-at="2024-04-01T22:16:30Z" name="testPostUser" finished-at="2024-04-01T22:16:32Z" duration-ms="2660" status="PASS">
          <reporter-output>
          </reporter-output>
        </test-method> <!-- testPostUser -->
        <test-method signature="testGetUserByName()[pri:2, instance:api.test.UserTests2@a1cdc6d]" started-at="2024-04-01T22:16:32Z" name="testGetUserByName" finished-at="2024-04-01T22:16:33Z" duration-ms="1058" status="PASS">
          <reporter-output>
          </reporter-output>
        </test-method> <!-- testGetUserByName -->
        <test-method signature="testUpdateUserByName()[pri:3, instance:api.test.UserTests2@a1cdc6d]" started-at="2024-04-01T22:16:33Z" name="testUpdateUserByName" finished-at="2024-04-01T22:16:36Z" duration-ms="2117" status="PASS">
          <reporter-output>
          </reporter-output>
        </test-method> <!-- testUpdateUserByName -->
        <test-method signature="testGetUserByUpdatedName()[pri:4, instance:api.test.UserTests2@a1cdc6d]" started-at="2024-04-01T22:16:36Z" name="testGetUserByUpdatedName" finished-at="2024-04-01T22:16:37Z" duration-ms="1057" status="PASS">
          <reporter-output>
          </reporter-output>
        </test-method> <!-- testGetUserByUpdatedName -->
        <test-method signature="testDeleteUserByName()[pri:5, instance:api.test.UserTests2@a1cdc6d]" started-at="2024-04-01T22:16:37Z" name="testDeleteUserByName" finished-at="2024-04-01T22:16:38Z" duration-ms="1213" status="PASS">
          <reporter-output>
          </reporter-output>
        </test-method> <!-- testDeleteUserByName -->
      </class> <!-- api.test.UserTests2 -->
    </test> <!-- PetTests -->
  </suite> <!-- PetSuite -->
</testng-results>
