<?xml version="1.0" encoding="UTF-8"?>
<testng-results ignored="0" total="11" passed="11" failed="0" skipped="0">
  <reporter-output>
  </reporter-output>
  <suite started-at="2024-03-31T09:05:57Z" name="Surefire suite" finished-at="2024-03-31T09:06:19Z" duration-ms="22062">
    <groups>
    </groups>
    <test started-at="2024-03-31T09:05:57Z" name="Surefire test" finished-at="2024-03-31T09:06:19Z" duration-ms="22062">
      <class name="api.test.DataDrivenTests">
        <test-method signature="testPostUser(java.lang.String, java.lang.String, java.lang.String, java.lang.String, java.lang.String, java.lang.String, java.lang.String)[pri:1, instance:api.test.DataDrivenTests@399f45b1]" started-at="2024-03-31T14:36:06Z" name="testPostUser" data-provider="Data" finished-at="2024-03-31T14:36:07Z" duration-ms="1058" status="PASS">
          <params>
            <param index="0">
              <value>
                <![CDATA[1010]]>
              </value>
            </param>
            <param index="1">
              <value>
                <![CDATA[Testuser1]]>
              </value>
            </param>
            <param index="2">
              <value>
                <![CDATA[John]]>
              </value>
            </param>
            <param index="3">
              <value>
                <![CDATA[Cena]]>
              </value>
            </param>
            <param index="4">
              <value>
                <![CDATA[abc@gmail.com ]]>
              </value>
            </param>
            <param index="5">
              <value>
                <![CDATA[Test@123]]>
              </value>
            </param>
            <param index="6">
              <value>
                <![CDATA[1234567890]]>
              </value>
            </param>
          </params>
          <reporter-output>
          </reporter-output>
        </test-method> <!-- testPostUser -->
        <test-method signature="testPostUser(java.lang.String, java.lang.String, java.lang.String, java.lang.String, java.lang.String, java.lang.String, java.lang.String)[pri:1, instance:api.test.DataDrivenTests@399f45b1]" started-at="2024-03-31T14:36:07Z" name="testPostUser" data-provider="Data" finished-at="2024-03-31T14:36:09Z" duration-ms="1352" status="PASS">
          <params>
            <param index="0">
              <value>
                <![CDATA[1020]]>
              </value>
            </param>
            <param index="1">
              <value>
                <![CDATA[Testuser2]]>
              </value>
            </param>
            <param index="2">
              <value>
                <![CDATA[Dwyane]]>
              </value>
            </param>
            <param index="3">
              <value>
                <![CDATA[Johnson]]>
              </value>
            </param>
            <param index="4">
              <value>
                <![CDATA[def@gmail.com]]>
              </value>
            </param>
            <param index="5">
              <value>
                <![CDATA[Test@321]]>
              </value>
            </param>
            <param index="6">
              <value>
                <![CDATA[9876543219]]>
              </value>
            </param>
          </params>
          <reporter-output>
          </reporter-output>
        </test-method> <!-- testPostUser -->
        <test-method signature="testPostUser(java.lang.String, java.lang.String, java.lang.String, java.lang.String, java.lang.String, java.lang.String, java.lang.String)[pri:1, instance:api.test.DataDrivenTests@399f45b1]" started-at="2024-03-31T14:36:09Z" name="testPostUser" data-provider="Data" finished-at="2024-03-31T14:36:10Z" duration-ms="1180" status="PASS">
          <params>
            <param index="0">
              <value>
                <![CDATA[1030]]>
              </value>
            </param>
            <param index="1">
              <value>
                <![CDATA[Testuser3]]>
              </value>
            </param>
            <param index="2">
              <value>
                <![CDATA[John]]>
              </value>
            </param>
            <param index="3">
              <value>
                <![CDATA[Moxly]]>
              </value>
            </param>
            <param index="4">
              <value>
                <![CDATA[ghi@gmail.com]]>
              </value>
            </param>
            <param index="5">
              <value>
                <![CDATA[Test@098]]>
              </value>
            </param>
            <param index="6">
              <value>
                <![CDATA[1234567889]]>
              </value>
            </param>
          </params>
          <reporter-output>
          </reporter-output>
        </test-method> <!-- testPostUser -->
        <test-method signature="testDeleteUserByName(java.lang.String)[pri:2, instance:api.test.DataDrivenTests@399f45b1]" started-at="2024-03-31T14:36:11Z" name="testDeleteUserByName" data-provider="UserNames" finished-at="2024-03-31T14:36:12Z" duration-ms="1085" status="PASS">
          <params>
            <param index="0">
              <value>
                <![CDATA[Testuser1]]>
              </value>
            </param>
          </params>
          <reporter-output>
          </reporter-output>
        </test-method> <!-- testDeleteUserByName -->
        <test-method signature="testDeleteUserByName(java.lang.String)[pri:2, instance:api.test.DataDrivenTests@399f45b1]" started-at="2024-03-31T14:36:12Z" name="testDeleteUserByName" data-provider="UserNames" finished-at="2024-03-31T14:36:13Z" duration-ms="1180" status="PASS">
          <params>
            <param index="0">
              <value>
                <![CDATA[Testuser2]]>
              </value>
            </param>
          </params>
          <reporter-output>
          </reporter-output>
        </test-method> <!-- testDeleteUserByName -->
        <test-method signature="testDeleteUserByName(java.lang.String)[pri:2, instance:api.test.DataDrivenTests@399f45b1]" started-at="2024-03-31T14:36:13Z" name="testDeleteUserByName" data-provider="UserNames" finished-at="2024-03-31T14:36:14Z" duration-ms="1047" status="PASS">
          <params>
            <param index="0">
              <value>
                <![CDATA[Testuser3]]>
              </value>
            </param>
          </params>
          <reporter-output>
          </reporter-output>
        </test-method> <!-- testDeleteUserByName -->
      </class> <!-- api.test.DataDrivenTests -->
      <class name="api.test.UserTests">
        <test-method is-config="true" signature="steup()[pri:0, instance:api.test.UserTests@2d7275fc]" started-at="2024-03-31T14:35:57Z" name="steup" finished-at="2024-03-31T14:36:03Z" duration-ms="5629" status="PASS">
          <reporter-output>
          </reporter-output>
        </test-method> <!-- steup -->
        <test-method signature="testPostUser()[pri:1, instance:api.test.UserTests@2d7275fc]" started-at="2024-03-31T14:36:03Z" name="testPostUser" finished-at="2024-03-31T14:36:05Z" duration-ms="2398" status="PASS">
          <reporter-output>
          </reporter-output>
        </test-method> <!-- testPostUser -->
        <test-method signature="testGetUserByName()[pri:2, instance:api.test.UserTests@2d7275fc]" started-at="2024-03-31T14:36:10Z" name="testGetUserByName" finished-at="2024-03-31T14:36:11Z" duration-ms="1098" status="PASS">
          <reporter-output>
          </reporter-output>
        </test-method> <!-- testGetUserByName -->
        <test-method signature="testUpdateUserByName()[pri:3, instance:api.test.UserTests@2d7275fc]" started-at="2024-03-31T14:36:14Z" name="testUpdateUserByName" finished-at="2024-03-31T14:36:17Z" duration-ms="2742" status="PASS">
          <reporter-output>
          </reporter-output>
        </test-method> <!-- testUpdateUserByName -->
        <test-method signature="testGetUserByUpdatedName()[pri:4, instance:api.test.UserTests@2d7275fc]" started-at="2024-03-31T14:36:17Z" name="testGetUserByUpdatedName" finished-at="2024-03-31T14:36:18Z" duration-ms="1057" status="PASS">
          <reporter-output>
          </reporter-output>
        </test-method> <!-- testGetUserByUpdatedName -->
        <test-method signature="testDeleteUserByName()[pri:5, instance:api.test.UserTests@2d7275fc]" started-at="2024-03-31T14:36:18Z" name="testDeleteUserByName" finished-at="2024-03-31T14:36:19Z" duration-ms="1296" status="PASS">
          <reporter-output>
          </reporter-output>
        </test-method> <!-- testDeleteUserByName -->
      </class> <!-- api.test.UserTests -->
    </test> <!-- Surefire test -->
  </suite> <!-- Surefire suite -->
</testng-results>
