<?xml version="1.0" encoding="UTF-8"?>
<testsuite xmlns:xsi="http://www.w3.org/2001/XMLSchema-instance" xsi:noNamespaceSchemaLocation="https://maven.apache.org/surefire/maven-surefire-plugin/xsd/surefire-test-report-3.0.xsd" version="3.0" name="TestSuite" time="27.254" tests="11" errors="0" skipped="0" failures="0">
  <properties>
[...]
</properties>
  <testcase name="testPostUser" classname="api.test.UserTests" time="2.4">
    <system-out><![CDATA[{
    "code": 200,
    "type": "unknown",
    "message": "1760126453"
}
]]></system-out>
  </testcase>
  <testcase name="testGetUserByName" classname="api.test.UserTests" time="1.099">
    <system-out><![CDATA[{
    "id": 1760126453,
    "username": "lilla.dare",
    "firstName": "Korey",
    "lastName": "Kuhlman",
    "email": "janis.hagenes@example.com",
    "password": "blspa4ix",
    "phone": "865-883-2232",
    "userStatus": 0
}
]]></system-out>
  </testcase>
  <testcase name="testUpdateUserByName" classname="api.test.UserTests" time="2.742">
    <system-out><![CDATA[{
    "code": 200,
    "type": "unknown",
    "message": "1760126453"
}
]]></system-out>
  </testcase>
  <testcase name="testGetUserByUpdatedName" classname="api.test.UserTests" time="1.057">
    <system-out><![CDATA[{
    "id": 1760126453,
    "username": "lilla.dare",
    "firstName": "Kraig",
    "lastName": "Moen",
    "email": "ronnie.gerlach@example.com",
    "password": "blspa4ix",
    "phone": "865-883-2232",
    "userStatus": 0
}
]]></system-out>
  </testcase>
  <testcase name="testDeleteUserByName" classname="api.test.UserTests" time="1.296"/>
  <testcase name="testPostUser[1010, Testuser1, John, Cena, abc@gmail.com , Test@123, 1234567890](1)" classname="api.test.DataDrivenTests" time="1.058">
    <system-out><![CDATA[HTTP/1.1 200 OK
Date: Sun, 31 Mar 2024 09:06:07 GMT
Content-Type: application/json
Transfer-Encoding: chunked
Connection: keep-alive
Access-Control-Allow-Origin: *
Access-Control-Allow-Methods: GET, POST, DELETE, PUT
Access-Control-Allow-Headers: Content-Type, api_key, Authorization
Server: Jetty(9.2.9.v20150224)

{
    "code": 200,
    "type": "unknown",
    "message": "1010"
}
]]></system-out>
  </testcase>
  <testcase name="testPostUser[1020, Testuser2, Dwyane, Johnson, def@gmail.com, Test@321, 9876543219](2)" classname="api.test.DataDrivenTests" time="1.351">
    <system-out><![CDATA[HTTP/1.1 200 OK
Date: Sun, 31 Mar 2024 09:06:09 GMT
Content-Type: application/json
Transfer-Encoding: chunked
Connection: keep-alive
Access-Control-Allow-Origin: *
Access-Control-Allow-Methods: GET, POST, DELETE, PUT
Access-Control-Allow-Headers: Content-Type, api_key, Authorization
Server: Jetty(9.2.9.v20150224)

{
    "code": 200,
    "type": "unknown",
    "message": "1020"
}
]]></system-out>
  </testcase>
  <testcase name="testPostUser[1030, Testuser3, John, Moxly, ghi@gmail.com, Test@098, 1234567889](3)" classname="api.test.DataDrivenTests" time="1.18">
    <system-out><![CDATA[HTTP/1.1 200 OK
Date: Sun, 31 Mar 2024 09:06:10 GMT
Content-Type: application/json
Transfer-Encoding: chunked
Connection: keep-alive
Access-Control-Allow-Origin: *
Access-Control-Allow-Methods: GET, POST, DELETE, PUT
Access-Control-Allow-Headers: Content-Type, api_key, Authorization
Server: Jetty(9.2.9.v20150224)

{
    "code": 200,
    "type": "unknown",
    "message": "1030"
}
]]></system-out>
  </testcase>
  <testcase name="testDeleteUserByName[Testuser1](1)" classname="api.test.DataDrivenTests" time="1.085"/>
  <testcase name="testDeleteUserByName[Testuser2](2)" classname="api.test.DataDrivenTests" time="1.18"/>
  <testcase name="testDeleteUserByName[Testuser3](3)" classname="api.test.DataDrivenTests" time="1.046"/>
</testsuite>