<?xml version="1.0" encoding="UTF-8"?>
<!-- Generated by org.testng.reporters.JUnitXMLReporter -->
<testsuite ignored="0" hostname="Users-MacBook-Pro.local" failures="0" tests="5" name="PetTests" time="13.752" errors="0" timestamp="01 Apr 2024 16:46:43 GMT">
  <testcase classname="api.test.UserTests2" name="testPostUser" time="2.66"/>
  <testcase classname="api.test.UserTests2" name="testGetUserByName" time="1.058"/>
  <testcase classname="api.test.UserTests2" name="testUpdateUserByName" time="2.117"/>
  <testcase classname="api.test.UserTests2" name="testGetUserByUpdatedName" time="1.057"/>
  <testcase classname="api.test.UserTests2" name="testDeleteUserByName" time="1.213"/>
</testsuite> <!-- PetTests -->
