<?xml version="1.0" encoding="UTF-8"?>
<!-- Generated by org.testng.reporters.JUnitXMLReporter -->
<testsuite ignored="0" hostname="Users-MacBook-Pro.local" failures="0" tests="5" name="Default test" time="14.059" errors="0" timestamp="31 Mar 2024 08:33:37 GMT">
  <testcase classname="api.test.UserTests" name="testPostUser" time="2.36"/>
  <testcase classname="api.test.UserTests" name="testGetUserByName" time="1.222"/>
  <testcase classname="api.test.UserTests" name="testUpdateUserByName" time="2.653"/>
  <testcase classname="api.test.UserTests" name="testGetUserByUpdatedName" time="1.066"/>
  <testcase classname="api.test.UserTests" name="testDeleteUserByName" time="1.021"/>
</testsuite> <!-- Default test -->
