<?xml version="1.0" encoding="UTF-8"?>
<!-- Generated by org.testng.reporters.JUnitXMLReporter -->
<testsuite ignored="0" hostname="Users-MacBook-Pro.local" failures="0" tests="11" name="Surefire test" time="22.062" errors="0" timestamp="31 Mar 2024 09:06:24 GMT">
  <testcase classname="api.test.UserTests" name="testPostUser" time="2.398"/>
  <testcase classname="api.test.DataDrivenTests" name="testPostUser" time="1.058"/>
  <testcase classname="api.test.DataDrivenTests" name="testPostUser" time="1.352"/>
  <testcase classname="api.test.DataDrivenTests" name="testPostUser" time="1.18"/>
  <testcase classname="api.test.UserTests" name="testGetUserByName" time="1.098"/>
  <testcase classname="api.test.DataDrivenTests" name="testDeleteUserByName" time="1.085"/>
  <testcase classname="api.test.DataDrivenTests" name="testDeleteUserByName" time="1.18"/>
  <testcase classname="api.test.DataDrivenTests" name="testDeleteUserByName" time="1.047"/>
  <testcase classname="api.test.UserTests" name="testUpdateUserByName" time="2.742"/>
  <testcase classname="api.test.UserTests" name="testGetUserByUpdatedName" time="1.057"/>
  <testcase classname="api.test.UserTests" name="testDeleteUserByName" time="1.296"/>
</testsuite> <!-- Surefire test -->
